Base path: /Applications/Unity/Unity.app/Contents
Pipe name: \\.\pipe\UnityShaderCompiler-64bit-1-2032295936
Cmd: getPlatforms
Cmd: compileSnippet
  api=0 type=0 insize=13030 outsize=6436 kw=_SUNDISK_SIMPLE pd= ok=1
Cmd: compileSnippet
  api=0 type=1 insize=13030 outsize=6 kw=_SUNDISK_SIMPLE pd= ok=1
Cmd: compileSnippet
  api=0 type=0 insize=13030 outsize=6315 kw=UNITY_COLORSPACE_GAMMA _SUNDISK_SIMPLE pd= ok=1
Cmd: compileSnippet
  api=0 type=1 insize=13030 outsize=6 kw=UNITY_COLORSPACE_GAMMA _SUNDISK_SIMPLE pd= ok=1
Cmd: preprocess
  insize=1013 outsize=1567 ok=1
Cmd: compileSnippet
  api=0 type=0 insize=7338 outsize=2433 kw=DIRECTIONAL SHADOWS_OFF LIGHTMAP_OFF DIRLIGHTMAP_OFF DYNAMICLIGHTMAP_OFF pd= ok=1
Cmd: compileSnippet
  api=0 type=1 insize=7338 outsize=6 kw=DIRECTIONAL SHADOWS_OFF LIGHTMAP_OFF DIRLIGHTMAP_OFF DYNAMICLIGHTMAP_OFF pd= ok=1
Cmd: compileSnippet
  api=0 type=0 insize=4149 outsize=1861 kw=POINT pd= ok=1
Cmd: compileSnippet
  api=0 type=1 insize=4149 outsize=6 kw=POINT pd= ok=1
Cmd: compileSnippet
  api=0 type=0 insize=3453 outsize=978 kw= pd= ok=1
Cmd: compileSnippet
  api=0 type=1 insize=3453 outsize=6 kw= pd= ok=1
Cmd: compileSnippet
  api=0 type=0 insize=6501 outsize=2849 kw=LIGHTMAP_OFF DIRLIGHTMAP_OFF DYNAMICLIGHTMAP_OFF HDR_LIGHT_PREPASS_OFF pd= ok=1
Cmd: compileSnippet
  api=0 type=1 insize=6501 outsize=6 kw=LIGHTMAP_OFF DIRLIGHTMAP_OFF DYNAMICLIGHTMAP_OFF HDR_LIGHT_PREPASS_OFF pd= ok=1
Cmd: compileSnippet
  api=0 type=0 insize=6293 outsize=2785 kw=LIGHTMAP_OFF DIRLIGHTMAP_OFF DYNAMICLIGHTMAP_OFF HDR_LIGHT_PREPASS_OFF pd= ok=1
Cmd: compileSnippet
  api=0 type=1 insize=6293 outsize=6 kw=LIGHTMAP_OFF DIRLIGHTMAP_OFF DYNAMICLIGHTMAP_OFF HDR_LIGHT_PREPASS_OFF pd= ok=1
Cmd: compileSnippet
  api=0 type=0 insize=3678 outsize=3083 kw= pd= ok=1
Cmd: compileSnippet
  api=0 type=1 insize=3678 outsize=6 kw= pd= ok=1
Cmd: compileSnippet
  api=0 type=0 insize=751 outsize=1893 kw=SHADOWS_DEPTH pd= ok=1
Cmd: compileSnippet
  api=0 type=1 insize=751 outsize=6 kw=SHADOWS_DEPTH pd= ok=1
Cmd: compileSnippet
  api=0 type=0 insize=977 outsize=9977 kw=DIRECTIONAL SHADOWS_OFF LIGHTMAP_OFF DIRLIGHTMAP_OFF DYNAMICLIGHTMAP_OFF pd= ok=1
Cmd: compileSnippet
  api=0 type=1 insize=977 outsize=6 kw=DIRECTIONAL SHADOWS_OFF LIGHTMAP_OFF DIRLIGHTMAP_OFF DYNAMICLIGHTMAP_OFF pd= ok=1
Cmd: compileSnippet
  api=0 type=0 insize=934 outsize=5581 kw=DIRECTIONAL SHADOWS_OFF pd= ok=1
Cmd: compileSnippet
  api=0 type=1 insize=934 outsize=6 kw=DIRECTIONAL SHADOWS_OFF pd= ok=1
Cmd: compileSnippet
  api=0 type=0 insize=977 outsize=10091 kw=DIRECTIONAL SHADOWS_OFF LIGHTMAP_OFF DIRLIGHTMAP_OFF DYNAMICLIGHTMAP_OFF _EMISSION pd= ok=1
Cmd: compileSnippet
  api=0 type=1 insize=977 outsize=6 kw=DIRECTIONAL SHADOWS_OFF LIGHTMAP_OFF DIRLIGHTMAP_OFF DYNAMICLIGHTMAP_OFF _EMISSION pd= ok=1
Cmd: compileSnippet
  api=0 type=0 insize=751 outsize=1893 kw=SHADOWS_DEPTH pd= ok=1
Cmd: compileSnippet
  api=0 type=1 insize=751 outsize=6 kw=SHADOWS_DEPTH pd= ok=1
Cmd: compileSnippet
  api=0 type=0 insize=982 outsize=10119 kw=DIRECTIONAL SHADOWS_OFF LIGHTMAP_OFF DIRLIGHTMAP_OFF DYNAMICLIGHTMAP_OFF pd= ok=1
Cmd: compileSnippet
  api=0 type=1 insize=982 outsize=6 kw=DIRECTIONAL SHADOWS_OFF LIGHTMAP_OFF DIRLIGHTMAP_OFF DYNAMICLIGHTMAP_OFF pd= ok=1
Cmd: compileSnippet
  api=0 type=0 insize=938 outsize=5777 kw=DIRECTIONAL SHADOWS_OFF pd= ok=1
Cmd: compileSnippet
  api=0 type=1 insize=938 outsize=6 kw=DIRECTIONAL SHADOWS_OFF pd= ok=1
Cmd: compileSnippet
  api=0 type=0 insize=977 outsize=11455 kw=DIRECTIONAL SHADOWS_OFF LIGHTMAP_OFF DIRLIGHTMAP_OFF DYNAMICLIGHTMAP_OFF _NORMALMAP pd= ok=1
Cmd: compileSnippet
  api=0 type=1 insize=977 outsize=6 kw=DIRECTIONAL SHADOWS_OFF LIGHTMAP_OFF DIRLIGHTMAP_OFF DYNAMICLIGHTMAP_OFF _NORMALMAP pd= ok=1
Cmd: compileSnippet
  api=0 type=0 insize=934 outsize=5970 kw=DIRECTIONAL SHADOWS_OFF _NORMALMAP pd= ok=1
Cmd: compileSnippet
  api=0 type=1 insize=934 outsize=6 kw=DIRECTIONAL SHADOWS_OFF _NORMALMAP pd= ok=1
Cmd: compileSnippet
  api=0 type=0 insize=977 outsize=10559 kw=DIRECTIONAL SHADOWS_SCREEN LIGHTMAP_OFF DIRLIGHTMAP_OFF DYNAMICLIGHTMAP_OFF _EMISSION pd= ok=1
Cmd: compileSnippet
  api=0 type=1 insize=977 outsize=6 kw=DIRECTIONAL SHADOWS_SCREEN LIGHTMAP_OFF DIRLIGHTMAP_OFF DYNAMICLIGHTMAP_OFF _EMISSION pd= ok=1
Cmd: compileSnippet
  api=0 type=0 insize=977 outsize=11922 kw=DIRECTIONAL SHADOWS_SCREEN LIGHTMAP_OFF DIRLIGHTMAP_OFF DYNAMICLIGHTMAP_OFF _NORMALMAP pd= ok=1
Cmd: compileSnippet
  api=0 type=1 insize=977 outsize=6 kw=DIRECTIONAL SHADOWS_SCREEN LIGHTMAP_OFF DIRLIGHTMAP_OFF DYNAMICLIGHTMAP_OFF _NORMALMAP pd= ok=1
Cmd: compileSnippet
  api=0 type=0 insize=977 outsize=10445 kw=DIRECTIONAL SHADOWS_SCREEN LIGHTMAP_OFF DIRLIGHTMAP_OFF DYNAMICLIGHTMAP_OFF pd= ok=1
Cmd: compileSnippet
  api=0 type=1 insize=977 outsize=6 kw=DIRECTIONAL SHADOWS_SCREEN LIGHTMAP_OFF DIRLIGHTMAP_OFF DYNAMICLIGHTMAP_OFF pd= ok=1
Cmd: compileSnippet
  api=0 type=0 insize=526 outsize=3070 kw=_EMISSION pd= ok=1
Cmd: compileSnippet
  api=0 type=1 insize=526 outsize=6 kw=_EMISSION pd= ok=1
Cmd: compileSnippet
  api=0 type=0 insize=977 outsize=11493 kw=DIRECTIONAL SHADOWS_SCREEN LIGHTMAP_OFF DIRLIGHTMAP_COMBINED DYNAMICLIGHTMAP_ON _EMISSION pd= ok=1
Cmd: compileSnippet
  api=0 type=1 insize=977 outsize=6 kw=DIRECTIONAL SHADOWS_SCREEN LIGHTMAP_OFF DIRLIGHTMAP_COMBINED DYNAMICLIGHTMAP_ON _EMISSION pd= ok=1
Cmd: compileSnippet
  api=0 type=0 insize=526 outsize=2846 kw= pd= ok=1
Cmd: compileSnippet
  api=0 type=1 insize=526 outsize=6 kw= pd= ok=1
Cmd: compileSnippet
  api=0 type=0 insize=977 outsize=11379 kw=DIRECTIONAL SHADOWS_SCREEN LIGHTMAP_OFF DIRLIGHTMAP_COMBINED DYNAMICLIGHTMAP_ON pd= ok=1
Cmd: compileSnippet
  api=0 type=1 insize=977 outsize=6 kw=DIRECTIONAL SHADOWS_SCREEN LIGHTMAP_OFF DIRLIGHTMAP_COMBINED DYNAMICLIGHTMAP_ON pd= ok=1
Cmd: compileSnippet
  api=0 type=0 insize=977 outsize=10911 kw=DIRECTIONAL SHADOWS_OFF LIGHTMAP_OFF DIRLIGHTMAP_COMBINED DYNAMICLIGHTMAP_ON pd= ok=1
Cmd: compileSnippet
  api=0 type=1 insize=977 outsize=6 kw=DIRECTIONAL SHADOWS_OFF LIGHTMAP_OFF DIRLIGHTMAP_COMBINED DYNAMICLIGHTMAP_ON pd= ok=1
